{"uuid":"d1fbbf79-81e8-44c5-a823-958dda35a4de","historyId":"e575b3340667bc91dde624a2dc69d6d6","fullName":"io.cucumber.testng.AbstractTestNGCucumberTests.runScenario","labels":[{"name":"package","value":"org.example.API.Runner.Runner"},{"name":"testClass","value":"org.example.API.Runner.Runner"},{"name":"testMethod","value":"runScenario"},{"name":"parentSuite","value":"Default Suite"},{"name":"suite","value":"nedBank_assesment"},{"name":"subSuite","value":"org.example.API.Runner.Runner"},{"name":"host","value":"penguin"},{"name":"thread","value":"8645@penguin.main(1)"},{"name":"framework","value":"testng"},{"name":"language","value":"java"}],"links":[],"name":"Runs Cucumber Scenarios","status":"broken","statusDetails":{"known":false,"muted":false,"flaky":false,"message":"Could not convert arguments for step [a book exists with an isbn of {int}] defined at 'org.example.API.stepDefs.booksStepDef.aBookExistsWithAnIsbnOf(java.lang.String)'.","trace":"io.cucumber.core.exception.CucumberException: Could not convert arguments for step [a book exists with an isbn of {int}] defined at 'org.example.API.stepDefs.booksStepDef.aBookExistsWithAnIsbnOf(java.lang.String)'.\n\tat io.cucumber.core.runner.PickleStepDefinitionMatch.couldNotConvertArguments(PickleStepDefinitionMatch.java:112)\n\tat io.cucumber.core.runner.PickleStepDefinitionMatch.runStep(PickleStepDefinitionMatch.java:56)\n\tat io.cucumber.core.runner.ExecutionMode$1.execute(ExecutionMode.java:10)\n\tat io.cucumber.core.runner.TestStep.executeStep(TestStep.java:84)\n\tat io.cucumber.core.runner.TestStep.run(TestStep.java:56)\n\tat io.cucumber.core.runner.PickleStepTestStep.run(PickleStepTestStep.java:51)\n\tat io.cucumber.core.runner.TestCase.run(TestCase.java:84)\n\tat io.cucumber.core.runner.Runner.runPickle(Runner.java:75)\n\tat io.cucumber.testng.TestNGCucumberRunner.lambda$runScenario$1(TestNGCucumberRunner.java:132)\n\tat io.cucumber.core.runtime.CucumberExecutionContext.lambda$runTestCase$5(CucumberExecutionContext.java:137)\n\tat io.cucumber.core.runtime.RethrowingThrowableCollector.executeAndThrow(RethrowingThrowableCollector.java:23)\n\tat io.cucumber.core.runtime.CucumberExecutionContext.runTestCase(CucumberExecutionContext.java:137)\n\tat io.cucumber.testng.TestNGCucumberRunner.runScenario(TestNGCucumberRunner.java:129)\n\tat io.cucumber.testng.AbstractTestNGCucumberTests.runScenario(AbstractTestNGCucumberTests.java:35)\n\tat java.base/jdk.internal.reflect.NativeMethodAccessorImpl.invoke0(Native Method)\n\tat java.base/jdk.internal.reflect.NativeMethodAccessorImpl.invoke(NativeMethodAccessorImpl.java:77)\n\tat java.base/jdk.internal.reflect.DelegatingMethodAccessorImpl.invoke(DelegatingMethodAccessorImpl.java:43)\n\tat java.base/java.lang.reflect.Method.invoke(Method.java:568)\n\tat org.testng.internal.invokers.MethodInvocationHelper.invokeMethod(MethodInvocationHelper.java:139)\n\tat org.testng.internal.invokers.TestInvoker.invokeMethod(TestInvoker.java:664)\n\tat org.testng.internal.invokers.TestInvoker.invokeTestMethod(TestInvoker.java:227)\n\tat org.testng.internal.invokers.MethodRunner.runInSequence(MethodRunner.java:50)\n\tat org.testng.internal.invokers.TestInvoker$MethodInvocationAgent.invoke(TestInvoker.java:957)\n\tat org.testng.internal.invokers.TestInvoker.invokeTestMethods(TestInvoker.java:200)\n\tat org.testng.internal.invokers.TestMethodWorker.invokeTestMethods(TestMethodWorker.java:148)\n\tat org.testng.internal.invokers.TestMethodWorker.run(TestMethodWorker.java:128)\n\tat java.base/java.util.ArrayList.forEach(ArrayList.java:1511)\n\tat org.testng.TestRunner.privateRun(TestRunner.java:848)\n\tat org.testng.TestRunner.run(TestRunner.java:621)\n\tat org.testng.SuiteRunner.runTest(SuiteRunner.java:443)\n\tat org.testng.SuiteRunner.runSequentially(SuiteRunner.java:437)\n\tat org.testng.SuiteRunner.privateRun(SuiteRunner.java:397)\n\tat org.testng.SuiteRunner.run(SuiteRunner.java:336)\n\tat org.testng.SuiteRunnerWorker.runSuite(SuiteRunnerWorker.java:52)\n\tat org.testng.SuiteRunnerWorker.run(SuiteRunnerWorker.java:95)\n\tat org.testng.TestNG.runSuitesSequentially(TestNG.java:1280)\n\tat org.testng.TestNG.runSuitesLocally(TestNG.java:1200)\n\tat org.testng.TestNG.runSuites(TestNG.java:1114)\n\tat org.testng.TestNG.run(TestNG.java:1082)\n\tat com.intellij.rt.testng.IDEARemoteTestNG.run(IDEARemoteTestNG.java:65)\n\tat com.intellij.rt.testng.RemoteTestNGStarter.main(RemoteTestNGStarter.java:105)\nCaused by: io.cucumber.cucumberexpressions.CucumberExpressionException: ParameterType {int} failed to transform [9781451648546] to class java.lang.Integer\n\tat io.cucumber.cucumberexpressions.ParameterType.transform(ParameterType.java:264)\n\tat io.cucumber.cucumberexpressions.Argument.getValue(Argument.java:42)\n\tat io.cucumber.core.stepexpression.ExpressionArgument.getValue(ExpressionArgument.java:17)\n\tat io.cucumber.core.runner.PickleStepDefinitionMatch.runStep(PickleStepDefinitionMatch.java:47)\n\t... 39 more\nCaused by: java.lang.NumberFormatException: For input string: \"9781451648546\"\n\tat java.base/java.lang.NumberFormatException.forInputString(NumberFormatException.java:67)\n\tat java.base/java.lang.Integer.parseInt(Integer.java:668)\n\tat java.base/java.lang.Integer.valueOf(Integer.java:973)\n\tat java.base/java.lang.Integer.decode(Integer.java:1458)\n\tat io.cucumber.cucumberexpressions.BuiltInParameterTransformer.doTransform(BuiltInParameterTransformer.java:68)\n\tat io.cucumber.cucumberexpressions.BuiltInParameterTransformer.transform(BuiltInParameterTransformer.java:22)\n\tat io.cucumber.cucumberexpressions.ParameterTypeRegistry$5.transform(ParameterTypeRegistry.java:96)\n\tat io.cucumber.cucumberexpressions.ParameterTypeRegistry$5.transform(ParameterTypeRegistry.java:93)\n\tat io.cucumber.cucumberexpressions.ParameterType$TransformerAdaptor.transform(ParameterType.java:299)\n\tat io.cucumber.cucumberexpressions.ParameterType.transform(ParameterType.java:259)\n\t... 42 more\n"},"stage":"finished","steps":[],"attachments":[],"parameters":[{"name":"arg1","value":"\"Get book by ISBN\""},{"name":"arg0","value":"\"User calls web service to get a book by its ISBN\""}],"start":1715939851527,"stop":1715939851635}